<?xml version='1.0' encoding='UTF-8'?>
<testsuite hostname="Villes-MacBook-Pro-2.local" name="fi.orangit.fpic.PicDoctest" tests="27" errors="0" failures="0" skipped="0" time="0.028" timestamp="2019-12-23T14:10:36">
                     <properties>
[...]
</properties>
                     <testcase classname="fi.orangit.fpic.PicDoctest" name=(&quot;290877-1639&quot;)" time="0.023">
                                                 
                                               </testcase><testcase classname="fi.orangit.fpic.PicDoctest" name=(&quot;290877-163&quot;)" time="0.001">
                                                 
                                               </testcase><testcase classname="fi.orangit.fpic.PicDoctest" name=(&quot;290877-1638&quot;)" time="0.0">
                                                 
                                               </testcase><testcase classname="fi.orangit.fpic.PicDoctest" name="fromStringUnsafe(&quot;290877-1639&quot;)" time="0.001">
                                                 
                                               </testcase><testcase classname="fi.orangit.fpic.PicDoctest" name="fromStringU(&quot;290877-1639&quot;)" time="0.0">
                                                 
                                               </testcase><testcase classname="fi.orangit.fpic.PicDoctest" name="value" time="0.0">
                                                 
                                               </testcase><testcase classname="fi.orangit.fpic.PicDoctest" name="value" time="0.0">
                                                 
                                               </testcase><testcase classname="fi.orangit.fpic.PicDoctest" name="gender" time="0.0">
                                                 
                                               </testcase><testcase classname="fi.orangit.fpic.PicDoctest" name="gender" time="0.0">
                                                 
                                               </testcase><testcase classname="fi.orangit.fpic.PicDoctest" name="birthYear" time="0.0">
                                                 
                                               </testcase><testcase classname="fi.orangit.fpic.PicDoctest" name="birthYear" time="0.0">
                                                 
                                               </testcase><testcase classname="fi.orangit.fpic.PicDoctest" name="birthMonth" time="0.0">
                                                 
                                               </testcase><testcase classname="fi.orangit.fpic.PicDoctest" name="birthMonth" time="0.001">
                                                 
                                               </testcase><testcase classname="fi.orangit.fpic.PicDoctest" name="birthDay" time="0.0">
                                                 
                                               </testcase><testcase classname="fi.orangit.fpic.PicDoctest" name="birthDay" time="0.0">
                                                 
                                               </testcase><testcase classname="fi.orangit.fpic.PicDoctest" name="toString" time="0.0">
                                                 
                                               </testcase><testcase classname="fi.orangit.fpic.PicDoctest" name="has " time="0.0">
                                                 
                                               </testcase><testcase classname="fi.orangit.fpic.PicDoctest" name=(&quot;290877-1639&quot;)" time="0.0">
                                                 
                                               </testcase><testcase classname="fi.orangit.fpic.PicDoctest" name=(&quot;290877-163&quot;)" time="0.0">
                                                 
                                               </testcase><testcase classname="fi.orangit.fpic.PicDoctest" name=(&quot;290877-1638&quot;)" time="0.001">
                                                 
                                               </testcase><testcase classname="fi.orangit.fpic.PicDoctest" name="fromStringUnsafe(&quot;290877-1639&quot;)" time="0.0">
                                                 
                                               </testcase><testcase classname="fi.orangit.fpic.PicDoctest" name="fromStringU(&quot;290877-1639&quot;)" time="0.0">
                                                 
                                               </testcase><testcase classname="fi.orangit.fpic.PicDoctest" name=(&quot;290877-1639&quot;)" time="0.0">
                                                 
                                               </testcase><testcase classname="fi.orangit.fpic.PicDoctest" name=(&quot;290877-163&quot;)" time="0.0">
                                                 
                                               </testcase><testcase classname="fi.orangit.fpic.PicDoctest" name=(&quot;290877-1638&quot;)" time="0.001">
                                                 
                                               </testcase><testcase classname="fi.orangit.fpic.PicDoctest" name="fromStringUnsafe(&quot;290877-1639&quot;)" time="0.0">
                                                 
                                               </testcase><testcase classname="fi.orangit.fpic.PicDoctest" name="fromStringU(&quot;290877-1639&quot;)" time="0.0">
                                                 
                                               </testcase>
                     <system-out><![CDATA[]]></system-out>
                     <system-err><![CDATA[]]></system-err>
                   </testsuite>
