<?xml version='1.0' encoding='UTF-8'?>
<testsuite hostname="Villes-MacBook-Pro-2.local" name="fi.orangit.fpic.PicSpec" tests="25" errors="0" failures="0" skipped="0" time="0.14" timestamp="2019-12-23T14:10:36">
                     <properties>
[...]
</properties>
                     <testcase classname="fi.orangit.fpic.PicSpec" name="object Pic, method fromString should reject an empty string" time="0.023">
                                                 
                                               </testcase><testcase classname="fi.orangit.fpic.PicSpec" name="object Pic, method fromString should reject a PIC with non-numeric character in the first 6 places" time="0.001">
                                                 
                                               </testcase><testcase classname="fi.orangit.fpic.PicSpec" name="object Pic, method fromString should reject a PIC where the delimiter char is something other than +, -, or A" time="0.0">
                                                 
                                               </testcase><testcase classname="fi.orangit.fpic.PicSpec" name="object Pic, method fromString should reject a PIC where the individual number is not numeric" time="0.0">
                                                 
                                               </testcase><testcase classname="fi.orangit.fpic.PicSpec" name="object Pic, method fromString should reject a PIC the control character is wrong" time="0.0">
                                                 
                                               </testcase><testcase classname="fi.orangit.fpic.PicSpec" name="object Pic, method fromString should accept a valid PIC" time="0.002">
                                                 
                                               </testcase><testcase classname="fi.orangit.fpic.PicSpec" name="object Pic, method fromString should uppercase all characters to achieve a canonical representation" time="0.001">
                                                 
                                               </testcase><testcase classname="fi.orangit.fpic.PicSpec" name="object Pic, method fromStringUnsafe / fromStringU should throw an IllegalArgumentException if the input is not a valid PIC" time="0.003">
                                                 
                                               </testcase><testcase classname="fi.orangit.fpic.PicSpec" name="class Pic should know the supposed gender of the person" time="0.001">
                                                 
                                               </testcase><testcase classname="fi.orangit.fpic.PicSpec" name="class Pic should know the birth year of the person" time="0.001">
                                                 
                                               </testcase><testcase classname="fi.orangit.fpic.PicSpec" name="class Pic should know the birth month of the person" time="0.001">
                                                 
                                               </testcase><testcase classname="fi.orangit.fpic.PicSpec" name="class Pic should know the birth day (of month) of the person" time="0.0">
                                                 
                                               </testcase><testcase classname="fi.orangit.fpic.PicSpec" name="class Pic should know the birth date of the person" time="0.001">
                                                 
                                               </testcase><testcase classname="fi.orangit.fpic.PicSpec" name="class Pic should know the age of the person in question, on the day before birthday" time="0.003">
                                                 
                                               </testcase><testcase classname="fi.orangit.fpic.PicSpec" name="class Pic should know the age of the person in question, on birthday" time="0.002">
                                                 
                                               </testcase><testcase classname="fi.orangit.fpic.PicSpec" name="class Pic should know if the person if os Finnish legal age at some point in time, on the day before birthday" time="0.003">
                                                 
                                               </testcase><testcase classname="fi.orangit.fpic.PicSpec" name="class Pic should know if the person if os Finnish legal age at some point in time, on birthday" time="0.001">
                                                 
                                               </testcase><testcase classname="fi.orangit.fpic.PicSpec" name="class Pic should know if the person is of Finnish legal age now" time="0.001">
                                                 
                                               </testcase><testcase classname="fi.orangit.fpic.PicSpec" name="toString() should just show the original pic (the String value) without any decoration" time="0.001">
                                                 
                                               </testcase><testcase classname="fi.orangit.fpic.PicSpec" name="equals() should match if the PIC String value is equal" time="0.0">
                                                 
                                               </testcase><testcase classname="fi.orangit.fpic.PicSpec" name="equals() should match if the PIC String is equivalent, but the control character is in a different case" time="0.001">
                                                 
                                               </testcase><testcase classname="fi.orangit.fpic.PicSpec" name="equals() should match if the PIC String is equivalent, but the sign character is in a different case" time="0.001">
                                                 
                                               </testcase><testcase classname="fi.orangit.fpic.PicSpec" name="equals() should not match if the PIC String is different" time="0.092">
                                                 
                                               </testcase><testcase classname="fi.orangit.fpic.PicSpec" name="equals() should not match with an object of a different class" time="0.0">
                                                 
                                               </testcase><testcase classname="fi.orangit.fpic.PicSpec" name="hashCode() should be the same as the PIC String's hashCode" time="0.001">
                                                 
                                               </testcase>
                     <system-out><![CDATA[]]></system-out>
                     <system-err><![CDATA[]]></system-err>
                   </testsuite>
